ERROR - 2018-01-02 10:30:14 --> Severity: error --> Exception: Unable to locate the model you have specified: Quote_model C:\localhost\roadrunning\public\syscore\core\Loader.php 344
ERROR - 2018-01-02 10:31:58 --> Severity: error --> Exception: Call to undefined function size() C:\localhost\roadrunning\public\app\controllers\Pages.php 68
ERROR - 2018-01-02 10:46:28 --> Severity: Notice --> Undefined variable: quote_arr C:\localhost\roadrunning\public\app\views\pages\home.php 4
ERROR - 2018-01-02 10:46:31 --> Severity: Notice --> Undefined variable: quote_arr C:\localhost\roadrunning\public\app\views\pages\home.php 4
ERROR - 2018-01-02 10:46:32 --> Severity: Notice --> Undefined variable: quote_arr C:\localhost\roadrunning\public\app\views\pages\home.php 4
ERROR - 2018-01-02 10:46:35 --> Severity: Notice --> Undefined variable: quote_arr C:\localhost\roadrunning\public\app\views\pages\home.php 4
ERROR - 2018-01-02 11:02:46 --> Severity: Notice --> Undefined variable: carousel_count C:\localhost\roadrunning\public\app\controllers\Pages.php 68
ERROR - 2018-01-02 11:02:46 --> Severity: Notice --> Undefined variable: return_arr C:\localhost\roadrunning\public\app\controllers\Pages.php 143
ERROR - 2018-01-02 11:03:40 --> Severity: Notice --> Undefined variable: cc C:\localhost\roadrunning\public\app\controllers\Pages.php 68
ERROR - 2018-01-02 11:03:40 --> Severity: Notice --> Undefined variable: return_arr C:\localhost\roadrunning\public\app\controllers\Pages.php 143
ERROR - 2018-01-02 11:03:58 --> Severity: error --> Exception: syntax error, unexpected '{' C:\localhost\roadrunning\public\app\controllers\Pages.php 8
ERROR - 2018-01-02 11:04:14 --> Severity: error --> Exception: syntax error, unexpected '{' C:\localhost\roadrunning\public\app\controllers\Pages.php 8
ERROR - 2018-01-02 11:04:15 --> Severity: error --> Exception: syntax error, unexpected '{' C:\localhost\roadrunning\public\app\controllers\Pages.php 8
ERROR - 2018-01-02 11:04:21 --> Severity: Notice --> Undefined variable: cc C:\localhost\roadrunning\public\app\controllers\Pages.php 10
ERROR - 2018-01-02 11:04:21 --> Severity: Notice --> Undefined variable: cc C:\localhost\roadrunning\public\app\controllers\Pages.php 69
ERROR - 2018-01-02 11:04:21 --> Severity: Notice --> Undefined variable: return_arr C:\localhost\roadrunning\public\app\controllers\Pages.php 144
ERROR - 2018-01-02 11:04:27 --> Severity: Notice --> Undefined variable: cc C:\localhost\roadrunning\public\app\controllers\Pages.php 69
ERROR - 2018-01-02 11:04:27 --> Severity: Notice --> Undefined variable: return_arr C:\localhost\roadrunning\public\app\controllers\Pages.php 144
